# JRE version: OpenJDK Runtime Environment Temurin-21.0.7+6 (21.0.7+6) (build 21.0.7+6-LTS)
# Java VM: OpenJDK 64-Bit Server VM Temurin-21.0.7+6 (21.0.7+6-LTS, mixed mode, sharing, tiered, compressed oops, compressed class ptrs, parallel gc, windows-amd64)
GC Precious Log:
 CardTable entry size: 512
 CPUs: 12 total, 12 available
 Memory: 15684M
 Large Page Support: Disabled
 NUMA Support: Disabled
 Compressed Oops: Enabled (32-bit)
 Alignments: Space 512K, Generation 512K, Heap 2M
 Heap Min Capacity: 100M
 Heap Initial Capacity: 100M
 Heap Max Capacity: 1G
 Pre-touch: Disabled
 Parallel Workers: 10
Heap:
 PSYoungGen      total 3584K, used 367K [0x00000000eab00000, 0x00000000eaf00000, 0x0000000100000000)
  eden space 3072K, 2% used [0x00000000eab00000,0x00000000eab13f90,0x00000000eae00000)
  from space 512K, 56% used [0x00000000eae00000,0x00000000eae48000,0x00000000eae80000)
  to   space 512K, 0% used [0x00000000eae80000,0x00000000eae80000,0x00000000eaf00000)
 ParOldGen       total 634368K, used 634110K [0x00000000c0000000, 0x00000000e6b80000, 0x00000000eab00000)
  object space 634368K, 99% used [0x00000000c0000000,0x00000000e6b3f898,0x00000000e6b80000)
 Metaspace       used 103784K, committed 105600K, reserved 1179648K
  class space    used 10269K, committed 11136K, reserved 1048576K
GC Heap History (20 events):
Event: 230479.315 GC heap before
{Heap before GC invocations=5494 (full 11):
 PSYoungGen      total 2048K, used 1727K [0x00000000eab00000, 0x00000000eae80000, 0x0000000100000000)
  eden space 1536K, 99% used [0x00000000eab00000,0x00000000eac7ffe8,0x00000000eac80000)
  from space 512K, 37% used [0x00000000ead80000,0x00000000eadb0000,0x00000000eae00000)
  to   space 512K, 0% used [0x00000000eae00000,0x00000000eae00000,0x00000000eae80000)
 ParOldGen       total 631808K, used 631724K [0x00000000c0000000, 0x00000000e6900000, 0x00000000eab00000)
  object space 631808K, 99% used [0x00000000c0000000,0x00000000e68eb048,0x00000000e6900000)
 Metaspace       used 103782K, committed 105600K, reserved 1179648K
  class space    used 10269K, committed 11136K, reserved 1048576K
}
Event: 230479.316 GC heap after
{Heap after GC invocations=5494 (full 11):
 PSYoungGen      total 2048K, used 352K [0x00000000eab00000, 0x00000000eae80000, 0x0000000100000000)
  eden space 1536K, 0% used [0x00000000eab00000,0x00000000eab00000,0x00000000eac80000)
  from space 512K, 68% used [0x00000000eae00000,0x00000000eae58020,0x00000000eae80000)
  to   space 512K, 0% used [0x00000000ead80000,0x00000000ead80000,0x00000000eae00000)
 ParOldGen       total 631808K, used 631796K [0x00000000c0000000, 0x00000000e6900000, 0x00000000eab00000)
  object space 631808K, 99% used [0x00000000c0000000,0x00000000e68fd048,0x00000000e6900000)
 Metaspace       used 103782K, committed 105600K, reserved 1179648K
  class space    used 10269K, committed 11136K, reserved 1048576K
}
Event: 230479.320 GC heap before
{Heap before GC invocations=5495 (full 11):
 PSYoungGen      total 2048K, used 1888K [0x00000000eab00000, 0x00000000eae80000, 0x0000000100000000)
  eden space 1536K, 100% used [0x00000000eab00000,0x00000000eac80000,0x00000000eac80000)
  from space 512K, 68% used [0x00000000eae00000,0x00000000eae58020,0x00000000eae80000)
  to   space 512K, 0% used [0x00000000ead80000,0x00000000ead80000,0x00000000eae00000)
 ParOldGen       total 631808K, used 631796K [0x00000000c0000000, 0x00000000e6900000, 0x00000000eab00000)
  object space 631808K, 99% used [0x00000000c0000000,0x00000000e68fd048,0x00000000e6900000)
 Metaspace       used 103782K, committed 105600K, reserved 1179648K
  class space    used 10269K, committed 11136K, reserved 1048576K
}
Event: 230479.322 GC heap after
{Heap after GC invocations=5495 (full 11):
 PSYoungGen      total 2048K, used 458K [0x00000000eab00000, 0x00000000eae80000, 0x0000000100000000)
  eden space 1536K, 0% used [0x00000000eab00000,0x00000000eab00000,0x00000000eac80000)
  from space 512K, 89% used [0x00000000ead80000,0x00000000eadf2910,0x00000000eae00000)
  to   space 512K, 0% used [0x00000000eae00000,0x00000000eae00000,0x00000000eae80000)
 ParOldGen       total 632320K, used 631924K [0x00000000c0000000, 0x00000000e6980000, 0x00000000eab00000)
  object space 632320K, 99% used [0x00000000c0000000,0x00000000e691d068,0x00000000e6980000)
 Metaspace       used 103782K, committed 105600K, reserved 1179648K
  class space    used 10269K, committed 11136K, reserved 1048576K
}
Event: 230479.324 GC heap before
{Heap before GC invocations=5496 (full 11):
 PSYoungGen      total 2048K, used 1994K [0x00000000eab00000, 0x00000000eae80000, 0x0000000100000000)
  eden space 1536K, 99% used [0x00000000eab00000,0x00000000eac7ffd0,0x00000000eac80000)
  from space 512K, 89% used [0x00000000ead80000,0x00000000eadf2910,0x00000000eae00000)
  to   space 512K, 0% used [0x00000000eae00000,0x00000000eae00000,0x00000000eae80000)
 ParOldGen       total 632320K, used 631924K [0x00000000c0000000, 0x00000000e6980000, 0x00000000eab00000)
  object space 632320K, 99% used [0x00000000c0000000,0x00000000e691d068,0x00000000e6980000)
 Metaspace       used 103782K, committed 105600K, reserved 1179648K
  class space    used 10269K, committed 11136K, reserved 1048576K
}
Event: 230479.325 GC heap after
{Heap after GC invocations=5496 (full 11):
 PSYoungGen      total 2560K, used 256K [0x00000000eab00000, 0x00000000eae80000, 0x0000000100000000)
  eden space 2048K, 0% used [0x00000000eab00000,0x00000000eab00000,0x00000000ead00000)
  from space 512K, 50% used [0x00000000eae00000,0x00000000eae40000,0x00000000eae80000)
  to   space 512K, 0% used [0x00000000ead80000,0x00000000ead80000,0x00000000eae00000)
 ParOldGen       total 632320K, used 632280K [0x00000000c0000000, 0x00000000e6980000, 0x00000000eab00000)
  object space 632320K, 99% used [0x00000000c0000000,0x00000000e6976278,0x00000000e6980000)
 Metaspace       used 103782K, committed 105600K, reserved 1179648K
  class space    used 10269K, committed 11136K, reserved 1048576K
}
Event: 230479.329 GC heap before
{Heap before GC invocations=5497 (full 11):
 PSYoungGen      total 2560K, used 2299K [0x00000000eab00000, 0x00000000eae80000, 0x0000000100000000)
  eden space 2048K, 99% used [0x00000000eab00000,0x00000000eacfeeb8,0x00000000ead00000)
  from space 512K, 50% used [0x00000000eae00000,0x00000000eae40000,0x00000000eae80000)
  to   space 512K, 0% used [0x00000000ead80000,0x00000000ead80000,0x00000000eae00000)
 ParOldGen       total 632320K, used 632280K [0x00000000c0000000, 0x00000000e6980000, 0x00000000eab00000)
  object space 632320K, 99% used [0x00000000c0000000,0x00000000e6976278,0x00000000e6980000)
 Metaspace       used 103783K, committed 105600K, reserved 1179648K
  class space    used 10269K, committed 11136K, reserved 1048576K
}
Event: 230480.334 GC heap after
{Heap after GC invocations=5497 (full 11):
 PSYoungGen      total 3072K, used 352K [0x00000000eab00000, 0x00000000eae80000, 0x0000000100000000)
  eden space 2560K, 0% used [0x00000000eab00000,0x00000000eab00000,0x00000000ead80000)
  from space 512K, 68% used [0x00000000ead80000,0x00000000eadd8000,0x00000000eae00000)
  to   space 512K, 0% used [0x00000000eae00000,0x00000000eae00000,0x00000000eae80000)
 ParOldGen       total 632832K, used 632424K [0x00000000c0000000, 0x00000000e6a00000, 0x00000000eab00000)
  object space 632832K, 99% used [0x00000000c0000000,0x00000000e699a278,0x00000000e6a00000)
 Metaspace       used 103783K, committed 105600K, reserved 1179648K
  class space    used 10269K, committed 11136K, reserved 1048576K
}
Event: 230480.340 GC heap before
{Heap before GC invocations=5498 (full 11):
 PSYoungGen      total 3072K, used 2912K [0x00000000eab00000, 0x00000000eae80000, 0x0000000100000000)
  eden space 2560K, 100% used [0x00000000eab00000,0x00000000ead80000,0x00000000ead80000)
  from space 512K, 68% used [0x00000000ead80000,0x00000000eadd8000,0x00000000eae00000)
  to   space 512K, 0% used [0x00000000eae00000,0x00000000eae00000,0x00000000eae80000)
 ParOldGen       total 632832K, used 632424K [0x00000000c0000000, 0x00000000e6a00000, 0x00000000eab00000)
  object space 632832K, 99% used [0x00000000c0000000,0x00000000e699a278,0x00000000e6a00000)
 Metaspace       used 103783K, committed 105600K, reserved 1179648K
  class space    used 10269K, committed 11136K, reserved 1048576K
}
Event: 230481.346 GC heap after
{Heap after GC invocations=5498 (full 11):
 PSYoungGen      total 2560K, used 505K [0x00000000eab00000, 0x00000000eb000000, 0x0000000100000000)
  eden space 2048K, 0% used [0x00000000eab00000,0x00000000eab00000,0x00000000ead00000)
  from space 512K, 98% used [0x00000000eae00000,0x00000000eae7e410,0x00000000eae80000)
  to   space 1024K, 0% used [0x00000000ead00000,0x00000000ead00000,0x00000000eae00000)
 ParOldGen       total 632832K, used 632704K [0x00000000c0000000, 0x00000000e6a00000, 0x00000000eab00000)
  object space 632832K, 99% used [0x00000000c0000000,0x00000000e69e0278,0x00000000e6a00000)
 Metaspace       used 103783K, committed 105600K, reserved 1179648K
  class space    used 10269K, committed 11136K, reserved 1048576K
}
Event: 230481.354 GC heap before
{Heap before GC invocations=5499 (full 11):
 PSYoungGen      total 2560K, used 2553K [0x00000000eab00000, 0x00000000eb000000, 0x0000000100000000)
  eden space 2048K, 99% used [0x00000000eab00000,0x00000000eacffff0,0x00000000ead00000)
  from space 512K, 98% used [0x00000000eae00000,0x00000000eae7e410,0x00000000eae80000)
  to   space 1024K, 0% used [0x00000000ead00000,0x00000000ead00000,0x00000000eae00000)
 ParOldGen       total 632832K, used 632704K [0x00000000c0000000, 0x00000000e6a00000, 0x00000000eab00000)
  object space 632832K, 99% used [0x00000000c0000000,0x00000000e69e0278,0x00000000e6a00000)
 Metaspace       used 103783K, committed 105600K, reserved 1179648K
  class space    used 10269K, committed 11136K, reserved 1048576K
}
Event: 230481.359 GC heap after
{Heap after GC invocations=5499 (full 11):
 PSYoungGen      total 3072K, used 272K [0x00000000eab00000, 0x00000000eae80000, 0x0000000100000000)
  eden space 2048K, 0% used [0x00000000eab00000,0x00000000eab00000,0x00000000ead00000)
  from space 1024K, 26% used [0x00000000ead00000,0x00000000ead44010,0x00000000eae00000)
  to   space 512K, 0% used [0x00000000eae00000,0x00000000eae00000,0x00000000eae80000)
 ParOldGen       total 633344K, used 633185K [0x00000000c0000000, 0x00000000e6a80000, 0x00000000eab00000)
  object space 633344K, 99% used [0x00000000c0000000,0x00000000e6a58688,0x00000000e6a80000)
 Metaspace       used 103783K, committed 105600K, reserved 1179648K
  class space    used 10269K, committed 11136K, reserved 1048576K
}
Event: 230481.365 GC heap before
{Heap before GC invocations=5500 (full 11):
 PSYoungGen      total 3072K, used 2320K [0x00000000eab00000, 0x00000000eae80000, 0x0000000100000000)
  eden space 2048K, 100% used [0x00000000eab00000,0x00000000ead00000,0x00000000ead00000)
  from space 1024K, 26% used [0x00000000ead00000,0x00000000ead44010,0x00000000eae00000)
  to   space 512K, 0% used [0x00000000eae00000,0x00000000eae00000,0x00000000eae80000)
 ParOldGen       total 633344K, used 633185K [0x00000000c0000000, 0x00000000e6a80000, 0x00000000eab00000)
  object space 633344K, 99% used [0x00000000c0000000,0x00000000e6a58688,0x00000000e6a80000)
 Metaspace       used 103784K, committed 105600K, reserved 1179648K
  class space    used 10269K, committed 11136K, reserved 1048576K
}
Event: 230481.369 GC heap after
{Heap after GC invocations=5500 (full 11):
 PSYoungGen      total 2560K, used 512K [0x00000000eab00000, 0x00000000eaf80000, 0x0000000100000000)
  eden space 2048K, 0% used [0x00000000eab00000,0x00000000eab00000,0x00000000ead00000)
  from space 512K, 100% used [0x00000000eae00000,0x00000000eae80000,0x00000000eae80000)
  to   space 1024K, 0% used [0x00000000ead00000,0x00000000ead00000,0x00000000eae00000)
 ParOldGen       total 633856K, used 633385K [0x00000000c0000000, 0x00000000e6b00000, 0x00000000eab00000)
  object space 633856K, 99% used [0x00000000c0000000,0x00000000e6a8a698,0x00000000e6b00000)
 Metaspace       used 103784K, committed 105600K, reserved 1179648K
  class space    used 10269K, committed 11136K, reserved 1048576K
}
Event: 230481.375 GC heap before
{Heap before GC invocations=5501 (full 11):
 PSYoungGen      total 2560K, used 2560K [0x00000000eab00000, 0x00000000eaf80000, 0x0000000100000000)
  eden space 2048K, 100% used [0x00000000eab00000,0x00000000ead00000,0x00000000ead00000)
  from space 512K, 100% used [0x00000000eae00000,0x00000000eae80000,0x00000000eae80000)
  to   space 1024K, 0% used [0x00000000ead00000,0x00000000ead00000,0x00000000eae00000)
 ParOldGen       total 633856K, used 633385K [0x00000000c0000000, 0x00000000e6b00000, 0x00000000eab00000)
  object space 633856K, 99% used [0x00000000c0000000,0x00000000e6a8a698,0x00000000e6b00000)
 Metaspace       used 103784K, committed 105600K, reserved 1179648K
  class space    used 10269K, committed 11136K, reserved 1048576K
}
Event: 230481.378 GC heap after
{Heap after GC invocations=5501 (full 11):
 PSYoungGen      total 3072K, used 436K [0x00000000eab00000, 0x00000000eaf80000, 0x0000000100000000)
  eden space 2048K, 0% used [0x00000000eab00000,0x00000000eab00000,0x00000000ead00000)
  from space 1024K, 42% used [0x00000000ead00000,0x00000000ead6d200,0x00000000eae00000)
  to   space 1024K, 0% used [0x00000000eae80000,0x00000000eae80000,0x00000000eaf80000)
 ParOldGen       total 633856K, used 633809K [0x00000000c0000000, 0x00000000e6b00000, 0x00000000eab00000)
  object space 633856K, 99% used [0x00000000c0000000,0x00000000e6af4698,0x00000000e6b00000)
 Metaspace       used 103784K, committed 105600K, reserved 1179648K
  class space    used 10269K, committed 11136K, reserved 1048576K
}
Event: 230481.383 GC heap before
{Heap before GC invocations=5502 (full 11):
 PSYoungGen      total 3072K, used 2484K [0x00000000eab00000, 0x00000000eaf80000, 0x0000000100000000)
  eden space 2048K, 99% used [0x00000000eab00000,0x00000000eacfffc8,0x00000000ead00000)
  from space 1024K, 42% used [0x00000000ead00000,0x00000000ead6d200,0x00000000eae00000)
  to   space 1024K, 0% used [0x00000000eae80000,0x00000000eae80000,0x00000000eaf80000)
 ParOldGen       total 633856K, used 633809K [0x00000000c0000000, 0x00000000e6b00000, 0x00000000eab00000)
  object space 633856K, 99% used [0x00000000c0000000,0x00000000e6af4698,0x00000000e6b00000)
 Metaspace       used 103784K, committed 105600K, reserved 1179648K
  class space    used 10269K, committed 11136K, reserved 1048576K
}
Event: 230481.387 GC heap after
{Heap after GC invocations=5502 (full 11):
 PSYoungGen      total 3072K, used 416K [0x00000000eab00000, 0x00000000eaf00000, 0x0000000100000000)
  eden space 2560K, 0% used [0x00000000eab00000,0x00000000eab00000,0x00000000ead80000)
  from space 512K, 81% used [0x00000000eae80000,0x00000000eaee8000,0x00000000eaf00000)
  to   space 512K, 0% used [0x00000000eae00000,0x00000000eae00000,0x00000000eae80000)
 ParOldGen       total 634368K, used 634078K [0x00000000c0000000, 0x00000000e6b80000, 0x00000000eab00000)
  object space 634368K, 99% used [0x00000000c0000000,0x00000000e6b37898,0x00000000e6b80000)
 Metaspace       used 103784K, committed 105600K, reserved 1179648K
  class space    used 10269K, committed 11136K, reserved 1048576K
}
Event: 230482.455 GC heap before
{Heap before GC invocations=5503 (full 11):
 PSYoungGen      total 3072K, used 2976K [0x00000000eab00000, 0x00000000eaf00000, 0x0000000100000000)
  eden space 2560K, 100% used [0x00000000eab00000,0x00000000ead80000,0x00000000ead80000)
  from space 512K, 81% used [0x00000000eae80000,0x00000000eaee8000,0x00000000eaf00000)
  to   space 512K, 0% used [0x00000000eae00000,0x00000000eae00000,0x00000000eae80000)
 ParOldGen       total 634368K, used 634078K [0x00000000c0000000, 0x00000000e6b80000, 0x00000000eab00000)
  object space 634368K, 99% used [0x00000000c0000000,0x00000000e6b37898,0x00000000e6b80000)
 Metaspace       used 103784K, committed 105600K, reserved 1179648K
  class space    used 10269K, committed 11136K, reserved 1048576K
}
Event: 230482.458 GC heap after
{Heap after GC invocations=5503 (full 11):
 PSYoungGen      total 3584K, used 288K [0x00000000eab00000, 0x00000000eaf00000, 0x0000000100000000)
  eden space 3072K, 0% used [0x00000000eab00000,0x00000000eab00000,0x00000000eae00000)
  from space 512K, 56% used [0x00000000eae00000,0x00000000eae48000,0x00000000eae80000)
  to   space 512K, 0% used [0x00000000eae80000,0x00000000eae80000,0x00000000eaf00000)
 ParOldGen       total 634368K, used 634110K [0x00000000c0000000, 0x00000000e6b80000, 0x00000000eab00000)
  object space 634368K, 99% used [0x00000000c0000000,0x00000000e6b3f898,0x00000000e6b80000)
 Metaspace       used 103784K, committed 105600K, reserved 1179648K
  class space    used 10269K, committed 11136K, reserved 1048576K
}

